# JRE version: OpenJDK Runtime Environment (8.0_171-b11) (build 1.8.0_171-8u171-b11-0ubuntu0.16.04.1-b11)
# Java VM: OpenJDK 64-Bit Server VM (25.171-b11 mixed mode linux-amd64 compressed oops)
Heap:
 PSYoungGen      total 68608K, used 5113K [0x00000000d7100000, 0x00000000db900000, 0x0000000100000000)
  eden space 63488K, 0% used [0x00000000d7100000,0x00000000d7100000,0x00000000daf00000)
  from space 5120K, 99% used [0x00000000daf00000,0x00000000db3fe750,0x00000000db400000)
  to   space 5120K, 0% used [0x00000000db400000,0x00000000db400000,0x00000000db900000)
 ParOldGen       total 84992K, used 54820K [0x0000000085200000, 0x000000008a500000, 0x00000000d7100000)
  object space 84992K, 64% used [0x0000000085200000,0x0000000088789050,0x000000008a500000)
 Metaspace       used 10837K, capacity 11024K, committed 11264K, reserved 1058816K
  class space    used 1192K, capacity 1258K, committed 1280K, reserved 1048576K
GC Heap History (5 events):
Event: 0.612 GC heap before
{Heap before GC invocations=1 (full 0):
 PSYoungGen      total 36864K, used 31726K [0x00000000d7100000, 0x00000000d9a00000, 0x0000000100000000)
  eden space 31744K, 99% used [0x00000000d7100000,0x00000000d8ffb8f0,0x00000000d9000000)
  from space 5120K, 0% used [0x00000000d9500000,0x00000000d9500000,0x00000000d9a00000)
  to   space 5120K, 0% used [0x00000000d9000000,0x00000000d9000000,0x00000000d9500000)
 ParOldGen       total 84992K, used 0K [0x0000000085200000, 0x000000008a500000, 0x00000000d7100000)
  object space 84992K, 0% used [0x0000000085200000,0x0000000085200000,0x000000008a500000)
 Metaspace       used 9222K, capacity 9400K, committed 9600K, reserved 1058816K
  class space    used 1041K, capacity 1128K, committed 1152K, reserved 1048576K
Event: 0.677 GC heap after
Heap after GC invocations=1 (full 0):
 PSYoungGen      total 36864K, used 5115K [0x00000000d7100000, 0x00000000db900000, 0x0000000100000000)
  eden space 31744K, 0% used [0x00000000d7100000,0x00000000d7100000,0x00000000d9000000)
  from space 5120K, 99% used [0x00000000d9000000,0x00000000d94fef80,0x00000000d9500000)
  to   space 5120K, 0% used [0x00000000db400000,0x00000000db400000,0x00000000db900000)
 ParOldGen       total 84992K, used 30241K [0x0000000085200000, 0x000000008a500000, 0x00000000d7100000)
  object space 84992K, 35% used [0x0000000085200000,0x0000000086f88500,0x000000008a500000)
 Metaspace       used 9222K, capacity 9400K, committed 9600K, reserved 1058816K
  class space    used 1041K, capacity 1128K, committed 1152K, reserved 1048576K
}
Event: 3.711 GC heap before
{Heap before GC invocations=2 (full 0):
 PSYoungGen      total 36864K, used 36329K [0x00000000d7100000, 0x00000000db900000, 0x0000000100000000)
  eden space 31744K, 98% used [0x00000000d7100000,0x00000000d8f7b638,0x00000000d9000000)
  from space 5120K, 99% used [0x00000000d9000000,0x00000000d94fef80,0x00000000d9500000)
  to   space 5120K, 0% used [0x00000000db400000,0x00000000db400000,0x00000000db900000)
 ParOldGen       total 84992K, used 30241K [0x0000000085200000, 0x000000008a500000, 0x00000000d7100000)
  object space 84992K, 35% used [0x0000000085200000,0x0000000086f88500,0x000000008a500000)
 Metaspace       used 10741K, capacity 10896K, committed 11008K, reserved 1058816K
  class space    used 1192K, capacity 1258K, committed 1280K, reserved 1048576K
Event: 3.788 GC heap after
Heap after GC invocations=2 (full 0):
 PSYoungGen      total 68608K, used 5106K [0x00000000d7100000, 0x00000000db900000, 0x0000000100000000)
  eden space 63488K, 0% used [0x00000000d7100000,0x00000000d7100000,0x00000000daf00000)
  from space 5120K, 99% used [0x00000000db400000,0x00000000db8fcbd0,0x00000000db900000)
  to   space 5120K, 0% used [0x00000000daf00000,0x00000000daf00000,0x00000000db400000)
 ParOldGen       total 84992K, used 52006K [0x0000000085200000, 0x000000008a500000, 0x00000000d7100000)
  object space 84992K, 61% used [0x0000000085200000,0x00000000884c9ab0,0x000000008a500000)
 Metaspace       used 10741K, capacity 10896K, committed 11008K, reserved 1058816K
  class space    used 1192K, capacity 1258K, committed 1280K, reserved 1048576K
}
Event: 4.486 GC heap before
{Heap before GC invocations=3 (full 0):
 PSYoungGen      total 68608K, used 68594K [0x00000000d7100000, 0x00000000db900000, 0x0000000100000000)
  eden space 63488K, 100% used [0x00000000d7100000,0x00000000daf00000,0x00000000daf00000)
  from space 5120K, 99% used [0x00000000db400000,0x00000000db8fcbd0,0x00000000db900000)
  to   space 5120K, 0% used [0x00000000daf00000,0x00000000daf00000,0x00000000db400000)
 ParOldGen       total 84992K, used 52006K [0x0000000085200000, 0x000000008a500000, 0x00000000d7100000)
  object space 84992K, 61% used [0x0000000085200000,0x00000000884c9ab0,0x000000008a500000)
 Metaspace       used 10837K, capacity 11024K, committed 11264K, reserved 1058816K
  class space    used 1192K, capacity 1258K, committed 1280K, reserved 1048576K

