# JRE version: OpenJDK Runtime Environment (8.0_171-b11) (build 1.8.0_171-8u171-b11-0ubuntu0.16.04.1-b11)
# Java VM: OpenJDK 64-Bit Server VM (25.171-b11 mixed mode linux-amd64 compressed oops)
Heap:
 PSYoungGen      total 287744K, used 9606K [0x00000000d5580000, 0x00000000e8f80000, 0x0000000100000000)
  eden space 253952K, 0% used [0x00000000d5580000,0x00000000d5580000,0x00000000e4d80000)
  from space 33792K, 28% used [0x00000000e4d80000,0x00000000e56e19c0,0x00000000e6e80000)
  to   space 32256K, 0% used [0x00000000e7000000,0x00000000e7000000,0x00000000e8f80000)
 ParOldGen       total 84992K, used 56632K [0x0000000080000000, 0x0000000085300000, 0x00000000d5580000)
  object space 84992K, 66% used [0x0000000080000000,0x000000008374e0f8,0x0000000085300000)
 Metaspace       used 11462K, capacity 11620K, committed 11904K, reserved 1060864K
  class space    used 1210K, capacity 1290K, committed 1408K, reserved 1048576K
GC Heap History (10 events):
Event: 11.530 GC heap after
Heap after GC invocations=2 (full 0):
 PSYoungGen      total 68608K, used 5088K [0x00000000d5580000, 0x00000000d9d80000, 0x0000000100000000)
  eden space 63488K, 0% used [0x00000000d5580000,0x00000000d5580000,0x00000000d9380000)
  from space 5120K, 99% used [0x00000000d9880000,0x00000000d9d781a0,0x00000000d9d80000)
  to   space 5120K, 0% used [0x00000000d9380000,0x00000000d9380000,0x00000000d9880000)
 ParOldGen       total 84992K, used 38393K [0x0000000080000000, 0x0000000085300000, 0x00000000d5580000)
  object space 84992K, 45% used [0x0000000080000000,0x000000008257e5e0,0x0000000085300000)
 Metaspace       used 10827K, capacity 11012K, committed 11264K, reserved 1058816K
  class space    used 1192K, capacity 1258K, committed 1280K, reserved 1048576K
}
Event: 12.348 GC heap before
{Heap before GC invocations=3 (full 0):
 PSYoungGen      total 68608K, used 68576K [0x00000000d5580000, 0x00000000d9d80000, 0x0000000100000000)
  eden space 63488K, 100% used [0x00000000d5580000,0x00000000d9380000,0x00000000d9380000)
  from space 5120K, 99% used [0x00000000d9880000,0x00000000d9d781a0,0x00000000d9d80000)
  to   space 5120K, 0% used [0x00000000d9380000,0x00000000d9380000,0x00000000d9880000)
 ParOldGen       total 84992K, used 38608K [0x0000000080000000, 0x0000000085300000, 0x00000000d5580000)
  object space 84992K, 45% used [0x0000000080000000,0x00000000825b4040,0x0000000085300000)
 Metaspace       used 10913K, capacity 11076K, committed 11264K, reserved 1058816K
  class space    used 1192K, capacity 1258K, committed 1280K, reserved 1048576K
Event: 12.356 GC heap after
Heap after GC invocations=3 (full 0):
 PSYoungGen      total 68608K, used 5092K [0x00000000d5580000, 0x00000000ddb80000, 0x0000000100000000)
  eden space 63488K, 0% used [0x00000000d5580000,0x00000000d5580000,0x00000000d9380000)
  from space 5120K, 99% used [0x00000000d9380000,0x00000000d9879310,0x00000000d9880000)
  to   space 5120K, 0% used [0x00000000dd680000,0x00000000dd680000,0x00000000ddb80000)
 ParOldGen       total 84992K, used 43671K [0x0000000080000000, 0x0000000085300000, 0x00000000d5580000)
  object space 84992K, 51% used [0x0000000080000000,0x0000000082aa5ee0,0x0000000085300000)
 Metaspace       used 10913K, capacity 11076K, committed 11264K, reserved 1058816K
  class space    used 1192K, capacity 1258K, committed 1280K, reserved 1048576K
}
Event: 13.012 GC heap before
{Heap before GC invocations=4 (full 0):
 PSYoungGen      total 68608K, used 68580K [0x00000000d5580000, 0x00000000ddb80000, 0x0000000100000000)
  eden space 63488K, 100% used [0x00000000d5580000,0x00000000d9380000,0x00000000d9380000)
  from space 5120K, 99% used [0x00000000d9380000,0x00000000d9879310,0x00000000d9880000)
  to   space 5120K, 0% used [0x00000000dd680000,0x00000000dd680000,0x00000000ddb80000)
 ParOldGen       total 84992K, used 43671K [0x0000000080000000, 0x0000000085300000, 0x00000000d5580000)
  object space 84992K, 51% used [0x0000000080000000,0x0000000082aa5ee0,0x0000000085300000)
 Metaspace       used 11053K, capacity 11204K, committed 11520K, reserved 1058816K
  class space    used 1192K, capacity 1258K, committed 1280K, reserved 1048576K
Event: 13.019 GC heap after
Heap after GC invocations=4 (full 0):
 PSYoungGen      total 132096K, used 5092K [0x00000000d5580000, 0x00000000ddb80000, 0x0000000100000000)
  eden space 126976K, 0% used [0x00000000d5580000,0x00000000d5580000,0x00000000dd180000)
  from space 5120K, 99% used [0x00000000dd680000,0x00000000ddb79310,0x00000000ddb80000)
  to   space 5120K, 0% used [0x00000000dd180000,0x00000000dd180000,0x00000000dd680000)
 ParOldGen       total 84992K, used 51041K [0x0000000080000000, 0x0000000085300000, 0x00000000d5580000)
  object space 84992K, 60% used [0x0000000080000000,0x00000000831d87a8,0x0000000085300000)
 Metaspace       used 11053K, capacity 11204K, committed 11520K, reserved 1058816K
  class space    used 1192K, capacity 1258K, committed 1280K, reserved 1048576K
}
Event: 14.435 GC heap before
{Heap before GC invocations=5 (full 0):
 PSYoungGen      total 132096K, used 132068K [0x00000000d5580000, 0x00000000ddb80000, 0x0000000100000000)
  eden space 126976K, 100% used [0x00000000d5580000,0x00000000dd180000,0x00000000dd180000)
  from space 5120K, 99% used [0x00000000dd680000,0x00000000ddb79310,0x00000000ddb80000)
  to   space 5120K, 0% used [0x00000000dd180000,0x00000000dd180000,0x00000000dd680000)
 ParOldGen       total 84992K, used 51041K [0x0000000080000000, 0x0000000085300000, 0x00000000d5580000)
  object space 84992K, 60% used [0x0000000080000000,0x00000000831d87a8,0x0000000085300000)
 Metaspace       used 11166K, capacity 11332K, committed 11520K, reserved 1058816K
  class space    used 1192K, capacity 1258K, committed 1280K, reserved 1048576K
Event: 14.441 GC heap after
Heap after GC invocations=5 (full 0):
 PSYoungGen      total 132096K, used 4626K [0x00000000d5580000, 0x00000000e9280000, 0x0000000100000000)
  eden space 126976K, 0% used [0x00000000d5580000,0x00000000d5580000,0x00000000dd180000)
  from space 5120K, 90% used [0x00000000dd180000,0x00000000dd604ae0,0x00000000dd680000)
  to   space 35328K, 0% used [0x00000000e7000000,0x00000000e7000000,0x00000000e9280000)
 ParOldGen       total 84992K, used 55628K [0x0000000080000000, 0x0000000085300000, 0x00000000d5580000)
  object space 84992K, 65% used [0x0000000080000000,0x0000000083653288,0x0000000085300000)
 Metaspace       used 11166K, capacity 11332K, committed 11520K, reserved 1058816K
  class space    used 1192K, capacity 1258K, committed 1280K, reserved 1048576K
}
Event: 15.870 GC heap before
{Heap before GC invocations=6 (full 0):
 PSYoungGen      total 132096K, used 131602K [0x00000000d5580000, 0x00000000e9280000, 0x0000000100000000)
  eden space 126976K, 100% used [0x00000000d5580000,0x00000000dd180000,0x00000000dd180000)
  from space 5120K, 90% used [0x00000000dd180000,0x00000000dd604ae0,0x00000000dd680000)
  to   space 35328K, 0% used [0x00000000e7000000,0x00000000e7000000,0x00000000e9280000)
 ParOldGen       total 84992K, used 55628K [0x0000000080000000, 0x0000000085300000, 0x00000000d5580000)
  object space 84992K, 65% used [0x0000000080000000,0x0000000083653288,0x0000000085300000)
 Metaspace       used 11414K, capacity 11556K, committed 11904K, reserved 1060864K
  class space    used 1210K, capacity 1290K, committed 1408K, reserved 1048576K
Event: 15.875 GC heap after
Heap after GC invocations=6 (full 0):
 PSYoungGen      total 286208K, used 8357K [0x00000000d5580000, 0x00000000e8f80000, 0x0000000100000000)
  eden space 253952K, 0% used [0x00000000d5580000,0x00000000d5580000,0x00000000e4d80000)
  from space 32256K, 25% used [0x00000000e7000000,0x00000000e78295a0,0x00000000e8f80000)
  to   space 33792K, 0% used [0x00000000e4d80000,0x00000000e4d80000,0x00000000e6e80000)
 ParOldGen       total 84992K, used 55636K [0x0000000080000000, 0x0000000085300000, 0x00000000d5580000)
  object space 84992K, 65% used [0x0000000080000000,0x0000000083655288,0x0000000085300000)
 Metaspace       used 11414K, capacity 11556K, committed 11904K, reserved 1060864K
  class space    used 1210K, capacity 1290K, committed 1408K, reserved 1048576K
}
Event: 18.737 GC heap before
{Heap before GC invocations=7 (full 0):
 PSYoungGen      total 286208K, used 262309K [0x00000000d5580000, 0x00000000e8f80000, 0x0000000100000000)
  eden space 253952K, 100% used [0x00000000d5580000,0x00000000e4d80000,0x00000000e4d80000)
  from space 32256K, 25% used [0x00000000e7000000,0x00000000e78295a0,0x00000000e8f80000)
  to   space 33792K, 0% used [0x00000000e4d80000,0x00000000e4d80000,0x00000000e6e80000)
 ParOldGen       total 84992K, used 55636K [0x0000000080000000, 0x0000000085300000, 0x00000000d5580000)
  object space 84992K, 65% used [0x0000000080000000,0x0000000083655288,0x0000000085300000)
 Metaspace       used 11462K, capacity 11620K, committed 11904K, reserved 1060864K
  class space    used 1210K, capacity 1290K, committed 1408K, reserved 1048576K

