# JRE version: OpenJDK Runtime Environment (8.0_171-b11) (build 1.8.0_171-8u171-b11-0ubuntu0.16.04.1-b11)
# Java VM: OpenJDK 64-Bit Server VM (25.171-b11 mixed mode linux-amd64 compressed oops)
Heap:
 PSYoungGen      total 68608K, used 4408K [0x00000000d7100000, 0x00000000db900000, 0x0000000100000000)
  eden space 63488K, 0% used [0x00000000d7100000,0x00000000d7100000,0x00000000daf00000)
  from space 5120K, 86% used [0x00000000daf00000,0x00000000db34e300,0x00000000db400000)
  to   space 5120K, 0% used [0x00000000db400000,0x00000000db400000,0x00000000db900000)
 ParOldGen       total 84992K, used 31539K [0x0000000085200000, 0x000000008a500000, 0x00000000d7100000)
  object space 84992K, 37% used [0x0000000085200000,0x00000000870ccf50,0x000000008a500000)
 Metaspace       used 10835K, capacity 11008K, committed 11264K, reserved 1058816K
  class space    used 1193K, capacity 1258K, committed 1280K, reserved 1048576K
GC Heap History (5 events):
Event: 0.844 GC heap before
{Heap before GC invocations=1 (full 0):
 PSYoungGen      total 36864K, used 31106K [0x00000000d7100000, 0x00000000d9a00000, 0x0000000100000000)
  eden space 31744K, 97% used [0x00000000d7100000,0x00000000d8f60850,0x00000000d9000000)
  from space 5120K, 0% used [0x00000000d9500000,0x00000000d9500000,0x00000000d9a00000)
  to   space 5120K, 0% used [0x00000000d9000000,0x00000000d9000000,0x00000000d9500000)
 ParOldGen       total 84992K, used 0K [0x0000000085200000, 0x000000008a500000, 0x00000000d7100000)
  object space 84992K, 0% used [0x0000000085200000,0x0000000085200000,0x000000008a500000)
 Metaspace       used 9190K, capacity 9384K, committed 9600K, reserved 1058816K
  class space    used 1041K, capacity 1128K, committed 1152K, reserved 1048576K
Event: 0.871 GC heap after
Heap after GC invocations=1 (full 0):
 PSYoungGen      total 36864K, used 5115K [0x00000000d7100000, 0x00000000db900000, 0x0000000100000000)
  eden space 31744K, 0% used [0x00000000d7100000,0x00000000d7100000,0x00000000d9000000)
  from space 5120K, 99% used [0x00000000d9000000,0x00000000d94fef80,0x00000000d9500000)
  to   space 5120K, 0% used [0x00000000db400000,0x00000000db400000,0x00000000db900000)
 ParOldGen       total 84992K, used 16020K [0x0000000085200000, 0x000000008a500000, 0x00000000d7100000)
  object space 84992K, 18% used [0x0000000085200000,0x00000000861a53b0,0x000000008a500000)
 Metaspace       used 9190K, capacity 9384K, committed 9600K, reserved 1058816K
  class space    used 1041K, capacity 1128K, committed 1152K, reserved 1048576K
}
Event: 3.941 GC heap before
{Heap before GC invocations=2 (full 0):
 PSYoungGen      total 36864K, used 36134K [0x00000000d7100000, 0x00000000db900000, 0x0000000100000000)
  eden space 31744K, 97% used [0x00000000d7100000,0x00000000d8f4ac20,0x00000000d9000000)
  from space 5120K, 99% used [0x00000000d9000000,0x00000000d94fef80,0x00000000d9500000)
  to   space 5120K, 0% used [0x00000000db400000,0x00000000db400000,0x00000000db900000)
 ParOldGen       total 84992K, used 19575K [0x0000000085200000, 0x000000008a500000, 0x00000000d7100000)
  object space 84992K, 23% used [0x0000000085200000,0x000000008651de80,0x000000008a500000)
 Metaspace       used 10713K, capacity 10880K, committed 11008K, reserved 1058816K
  class space    used 1193K, capacity 1258K, committed 1280K, reserved 1048576K
Event: 3.960 GC heap after
Heap after GC invocations=2 (full 0):
 PSYoungGen      total 68608K, used 5107K [0x00000000d7100000, 0x00000000db900000, 0x0000000100000000)
  eden space 63488K, 0% used [0x00000000d7100000,0x00000000d7100000,0x00000000daf00000)
  from space 5120K, 99% used [0x00000000db400000,0x00000000db8fcdf0,0x00000000db900000)
  to   space 5120K, 0% used [0x00000000daf00000,0x00000000daf00000,0x00000000db400000)
 ParOldGen       total 84992K, used 31309K [0x0000000085200000, 0x000000008a500000, 0x00000000d7100000)
  object space 84992K, 36% used [0x0000000085200000,0x00000000870934f0,0x000000008a500000)
 Metaspace       used 10713K, capacity 10880K, committed 11008K, reserved 1058816K
  class space    used 1193K, capacity 1258K, committed 1280K, reserved 1048576K
}
Event: 4.783 GC heap before
{Heap before GC invocations=3 (full 0):
 PSYoungGen      total 68608K, used 68595K [0x00000000d7100000, 0x00000000db900000, 0x0000000100000000)
  eden space 63488K, 100% used [0x00000000d7100000,0x00000000daf00000,0x00000000daf00000)
  from space 5120K, 99% used [0x00000000db400000,0x00000000db8fcdf0,0x00000000db900000)
  to   space 5120K, 0% used [0x00000000daf00000,0x00000000daf00000,0x00000000db400000)
 ParOldGen       total 84992K, used 31523K [0x0000000085200000, 0x000000008a500000, 0x00000000d7100000)
  object space 84992K, 37% used [0x0000000085200000,0x00000000870c8f50,0x000000008a500000)
 Metaspace       used 10835K, capacity 11008K, committed 11264K, reserved 1058816K
  class space    used 1193K, capacity 1258K, committed 1280K, reserved 1048576K

