# JRE version: OpenJDK Runtime Environment (8.0_171-b11) (build 1.8.0_171-8u171-b11-0ubuntu0.16.04.1-b11)
# Java VM: OpenJDK 64-Bit Server VM (25.171-b11 mixed mode linux-amd64 compressed oops)
Heap:
 PSYoungGen      total 68608K, used 5105K [0x00000000d7100000, 0x00000000db900000, 0x0000000100000000)
  eden space 63488K, 0% used [0x00000000d7100000,0x00000000d7100000,0x00000000daf00000)
  from space 5120K, 99% used [0x00000000daf00000,0x00000000db3fc728,0x00000000db400000)
  to   space 5120K, 0% used [0x00000000db400000,0x00000000db400000,0x00000000db900000)
 ParOldGen       total 84992K, used 45332K [0x0000000085200000, 0x000000008a500000, 0x00000000d7100000)
  object space 84992K, 53% used [0x0000000085200000,0x0000000087e45008,0x000000008a500000)
 Metaspace       used 10898K, capacity 11084K, committed 11264K, reserved 1058816K
  class space    used 1191K, capacity 1258K, committed 1280K, reserved 1048576K
GC Heap History (5 events):
Event: 0.717 GC heap before
{Heap before GC invocations=1 (full 0):
 PSYoungGen      total 36864K, used 31726K [0x00000000d7100000, 0x00000000d9a00000, 0x0000000100000000)
  eden space 31744K, 99% used [0x00000000d7100000,0x00000000d8ffb8d8,0x00000000d9000000)
  from space 5120K, 0% used [0x00000000d9500000,0x00000000d9500000,0x00000000d9a00000)
  to   space 5120K, 0% used [0x00000000d9000000,0x00000000d9000000,0x00000000d9500000)
 ParOldGen       total 84992K, used 0K [0x0000000085200000, 0x000000008a500000, 0x00000000d7100000)
  object space 84992K, 0% used [0x0000000085200000,0x0000000085200000,0x000000008a500000)
 Metaspace       used 9221K, capacity 9396K, committed 9600K, reserved 1058816K
  class space    used 1040K, capacity 1128K, committed 1152K, reserved 1048576K
Event: 0.735 GC heap after
Heap after GC invocations=1 (full 0):
 PSYoungGen      total 36864K, used 5097K [0x00000000d7100000, 0x00000000db900000, 0x0000000100000000)
  eden space 31744K, 0% used [0x00000000d7100000,0x00000000d7100000,0x00000000d9000000)
  from space 5120K, 99% used [0x00000000d9000000,0x00000000d94fa760,0x00000000d9500000)
  to   space 5120K, 0% used [0x00000000db400000,0x00000000db400000,0x00000000db900000)
 ParOldGen       total 84992K, used 21369K [0x0000000085200000, 0x000000008a500000, 0x00000000d7100000)
  object space 84992K, 25% used [0x0000000085200000,0x00000000866de6f0,0x000000008a500000)
 Metaspace       used 9221K, capacity 9396K, committed 9600K, reserved 1058816K
  class space    used 1040K, capacity 1128K, committed 1152K, reserved 1048576K
}
Event: 5.165 GC heap before
{Heap before GC invocations=2 (full 0):
 PSYoungGen      total 36864K, used 36142K [0x00000000d7100000, 0x00000000db900000, 0x0000000100000000)
  eden space 31744K, 97% used [0x00000000d7100000,0x00000000d8f510c8,0x00000000d9000000)
  from space 5120K, 99% used [0x00000000d9000000,0x00000000d94fa760,0x00000000d9500000)
  to   space 5120K, 0% used [0x00000000db400000,0x00000000db400000,0x00000000db900000)
 ParOldGen       total 84992K, used 21369K [0x0000000085200000, 0x000000008a500000, 0x00000000d7100000)
  object space 84992K, 25% used [0x0000000085200000,0x00000000866de6f0,0x000000008a500000)
 Metaspace       used 10807K, capacity 10956K, committed 11264K, reserved 1058816K
  class space    used 1191K, capacity 1258K, committed 1280K, reserved 1048576K
Event: 5.281 GC heap after
Heap after GC invocations=2 (full 0):
 PSYoungGen      total 68608K, used 5096K [0x00000000d7100000, 0x00000000db900000, 0x0000000100000000)
  eden space 63488K, 0% used [0x00000000d7100000,0x00000000d7100000,0x00000000daf00000)
  from space 5120K, 99% used [0x00000000db400000,0x00000000db8fa300,0x00000000db900000)
  to   space 5120K, 0% used [0x00000000daf00000,0x00000000daf00000,0x00000000db400000)
 ParOldGen       total 84992K, used 42451K [0x0000000085200000, 0x000000008a500000, 0x00000000d7100000)
  object space 84992K, 49% used [0x0000000085200000,0x0000000087b74ee0,0x000000008a500000)
 Metaspace       used 10807K, capacity 10956K, committed 11264K, reserved 1058816K
  class space    used 1191K, capacity 1258K, committed 1280K, reserved 1048576K
}
Event: 6.009 GC heap before
{Heap before GC invocations=3 (full 0):
 PSYoungGen      total 68608K, used 68584K [0x00000000d7100000, 0x00000000db900000, 0x0000000100000000)
  eden space 63488K, 100% used [0x00000000d7100000,0x00000000daf00000,0x00000000daf00000)
  from space 5120K, 99% used [0x00000000db400000,0x00000000db8fa300,0x00000000db900000)
  to   space 5120K, 0% used [0x00000000daf00000,0x00000000daf00000,0x00000000db400000)
 ParOldGen       total 84992K, used 42451K [0x0000000085200000, 0x000000008a500000, 0x00000000d7100000)
  object space 84992K, 49% used [0x0000000085200000,0x0000000087b74ee0,0x000000008a500000)
 Metaspace       used 10898K, capacity 11084K, committed 11264K, reserved 1058816K
  class space    used 1191K, capacity 1258K, committed 1280K, reserved 1048576K

